<?xml version="1.0" encoding="UTF-8"?>
<!-- Generated by org.testng.reporters.JUnitReportReporter -->
<testsuite name="com.crossassyst.qa.testcases.LoginPageTest" tests="1" time="29.581" ignored="0" failures="0" timestamp="25 Sep 2020 18:00:44 GMT" skipped="0" hostname="Vinayak" errors="0">
  <testcase name="loginTest" time="29.581" classname="com.crossassyst.qa.testcases.LoginPageTest"/>
</testsuite> <!-- com.crossassyst.qa.testcases.LoginPageTest -->
