<?xml version="1.0" encoding="UTF-8"?>
<!-- Generated by org.testng.reporters.JUnitReportReporter -->
<testsuite name="com.crossassyst.qa.testcases.RegistrationPageTest" tests="1" time="37.174" ignored="0" failures="0" timestamp="25 Sep 2020 17:48:47 GMT" skipped="0" hostname="Vinayak" errors="0">
  <testcase name="registration" time="37.174" classname="com.crossassyst.qa.testcases.RegistrationPageTest"/>
</testsuite> <!-- com.crossassyst.qa.testcases.RegistrationPageTest -->
